GET /clear-terminal 304 3.350 ms - -

[BOT_ID] 67726d83168d1756c098c2dc
 { superMegaBots: 0 }
Adding new MegaBot...


[2025-01-11 16:43:36+02:00] [ Super bot ] [WS][okx]  
SUPER CONSTRUCTOR
 


[2025-01-11 16:43:36+02:00] [ Super bot ] [WS][okx]  subUnsub() 


[2025-01-11 16:43:36+02:00] [ Super bot ] [WS][okx]  InitWs()... 

{ plat: 'okx', address: 'wss://wspap.okx.com:8443/ws/v5/public' }

[2025-01-11 16:43:36+02:00] [ Super bot ] [WS][okx]  INIT WS: NOT OPEN 


[2025-01-11 16:43:36+02:00] [ Super bot ] [WS][okx]  SUBING... 


[2025-01-11 16:43:36+02:00] [ Super bot ] [WS][okx]  
[subUnsub] SUB
 


[2025-01-11 16:43:36+02:00] [ Super bot ] [WS][okx]  [1] [SUB] 1INCH,USDC { suId: 1736606616334, _suId: 1736606616334 } 


[2025-01-11 16:43:36+02:00] [ Super bot ] [WS][okx]  [1] [SUB] 1INCH,USDC 1INCH,USDT { suId: 1736606616334, _suId: 1736606616334 } 


 { channel: 'books5', state: 'CONNECTING' } 


[2025-01-11 16:43:36+02:00] [WS][okx]  NOT OPEN: ADDING CHANNELS INSTEAD

 { channel: 'books5', state: 'CONNECTING' } 


[2025-01-11 16:43:36+02:00] [WS][okx]  NOT OPEN: ADDING CHANNELS INSTEAD

 { channel: 'books5', state: 'CONNECTING' } 


[2025-01-11 16:43:36+02:00] [WS][okx]  NOT OPEN: ADDING CHANNELS INSTEAD
POST /bots/67726d83168d1756c098c2dc/toggle-mega-bot?side=activate 200 208.093 ms - 6357

[2025-01-11 16:43:37+02:00] [ Super bot ] [WS][okx]  ON OPEN 


[2025-01-11 16:43:37+02:00] [ Super bot ] [WS][okx]  Sarabacribing... 


[2025-01-11 16:43:37+02:00] [ Super bot ] [WS][okx]  subUnsub() 


[2025-01-11 16:43:37+02:00] [ Super bot ] [WS][okx]  SUBING... 


[2025-01-11 16:43:37+02:00] [ Super bot ] [WS][okx]  
[subUnsub] SUB
 


[2025-01-11 16:43:37+02:00] [ Super bot ] [WS][okx]  [1] [SUB] 1INCH,USDC { suId: 1736606616334, _suId: 1736606617545 } 


[2025-01-11 16:43:37+02:00] [ Super bot ] [WS][okx]  [1] [SUB] 1INCH,USDC 1INCH,USDT { suId: 1736606616334, _suId: 1736606617545 } 


 { channel: 'books5', state: 'OPEN' } 


 { channel: 'books5', state: 'OPEN' } 


 { channel: 'books5', state: 'OPEN' } 


[2025-01-11 16:43:39+02:00] [ Super bot ] [WS][okx]  [2] [SUB] AAVE,USDC { suId: 1736606616334, _suId: 1736606617545 } 


[2025-01-11 16:43:39+02:00] [ Super bot ] [WS][okx]  [2] [AAVE,USDC] Loop cancelled 


[2025-01-11 16:43:40+02:00] [ Super bot ] [WS][okx]  [2] [SUB] AAVE,USDC { suId: 1736606617545, _suId: 1736606617545 } 


[2025-01-11 16:43:40+02:00] [ Super bot ] [WS][okx]  [2] [SUB] AAVE,USDC AAVE,USDT { suId: 1736606617545, _suId: 1736606617545 } 


 { channel: 'books5', state: 'OPEN' } 


[2025-01-11 16:43:40+02:00] [WS][okx]  Skipping books5...

 { channel: 'books5', state: 'OPEN' } 


 { channel: 'books5', state: 'OPEN' } 


[2025-01-11 16:43:40+02:00] [ Super bot ] [WS][okx]  {
  parsedResp: {
    event: 'subscribe',
    arg: { channel: 'books5', instId: 'USDC-USDT' },
    connId: '9aab937c'
  }
} 


[2025-01-11 16:43:40+02:00] [ Super bot ] [WS][okx]  {
  resp: '{"event":"subscribe","arg":{"channel":"books5","instId":"USDC-USDT"},"connId":"9aab937c"}'
} 


[2025-01-11 16:43:40+02:00] [ Super bot ] [WS][okx]  {
  parsedResp: {
    event: 'subscribe',
    arg: { channel: 'books5', instId: '1INCH-USDC' },
    connId: '9aab937c'
  }
} 


[2025-01-11 16:43:40+02:00] [ Super bot ] [WS][okx]  {
  resp: '{"event":"subscribe","arg":{"channel":"books5","instId":"1INCH-USDC"},"connId":"9aab937c"}'
} 


[2025-01-11 16:43:40+02:00] [ Super bot ] [WS][okx]  {
  parsedResp: {
    event: 'subscribe',
    arg: { channel: 'books5', instId: '1INCH-USDT' },
    connId: '9aab937c'
  }
} 


[2025-01-11 16:43:40+02:00] [ Super bot ] [WS][okx]  {
  resp: '{"event":"subscribe","arg":{"channel":"books5","instId":"1INCH-USDT"},"connId":"9aab937c"}'
} 


[2025-01-11 16:43:40+02:00] [ Super bot ] [WS][okx]  {
  minBot: 'minibot-USDT-USDC-1INCH',
  bookCond: true,
  bookFieldsCond: undefined
} 


[2025-01-11 16:43:41+02:00] [ Super bot ] [WS][okx]  {
  minBot: 'minibot-USDT-USDC-1INCH',
  bookCond: true,
  bookFieldsCond: undefined
} 


[2025-01-11 16:43:43+02:00] [ Super bot ] [WS][okx]  [3] [SUB] ACA,USDC { suId: 1736606617545, _suId: 1736606617545 } 


[2025-01-11 16:43:43+02:00] [ Super bot ] [WS][okx]  [3] [SUB] ACA,USDC ACA,USDT { suId: 1736606617545, _suId: 1736606617545 } 


 { channel: 'books5', state: 'OPEN' } 


[2025-01-11 16:43:43+02:00] [WS][okx]  Skipping books5...

 { channel: 'books5', state: 'OPEN' } 


 { channel: 'books5', state: 'OPEN' } 


[2025-01-11 16:43:43+02:00] [ Super bot ] [WS][okx]  {
  parsedResp: {
    event: 'subscribe',
    arg: { channel: 'books5', instId: 'AAVE-USDC' },
    connId: '9aab937c'
  }
} 


[2025-01-11 16:43:43+02:00] [ Super bot ] [WS][okx]  {
  resp: '{"event":"subscribe","arg":{"channel":"books5","instId":"AAVE-USDC"},"connId":"9aab937c"}'
} 


[2025-01-11 16:43:43+02:00] [ Super bot ] [WS][okx]  {
  parsedResp: {
    event: 'subscribe',
    arg: { channel: 'books5', instId: 'AAVE-USDT' },
    connId: '9aab937c'
  }
} 


[2025-01-11 16:43:43+02:00] [ Super bot ] [WS][okx]  {
  resp: '{"event":"subscribe","arg":{"channel":"books5","instId":"AAVE-USDT"},"connId":"9aab937c"}'
} 


[2025-01-11 16:43:43+02:00] [ Super bot ] [WS][okx]  {
  minBot: 'minibot-USDT-USDC-1INCH',
  bookCond: false,
  bookFieldsCond: undefined
} 


[2025-01-11 16:43:43+02:00] [ Super bot ] [WS][okx]  {
  minBot: 'minibot-USDT-USDC-1INCH',
  bookCond: false,
  bookFieldsCond: undefined
} 


[2025-01-11 16:43:46+02:00] [ Super bot ] [WS][okx]  [4] [SUB] ACE,USDC { suId: 1736606617545, _suId: 1736606617545 } 


[2025-01-11 16:43:46+02:00] [ Super bot ] [WS][okx]  [4] [SUB] ACE,USDC ACE,USDT { suId: 1736606617545, _suId: 1736606617545 } 


 { channel: 'books5', state: 'OPEN' } 


[2025-01-11 16:43:46+02:00] [WS][okx]  Skipping books5...

 { channel: 'books5', state: 'OPEN' } 


 { channel: 'books5', state: 'OPEN' } 


[2025-01-11 16:43:46+02:00] [ Super bot ] [WS][okx]  {
  parsedResp: {
    event: 'error',
    msg: "Wrong URL or channel:books5,instType:SPOT,instId:ACA-USDC doesn't exist. Please use the correct URL, channel and parameters referring to API document.",
    code: '60018',
    connId: '9aab937c'
  }
} 


[2025-01-11 16:43:46+02:00] [ Super bot ] [WS][okx]  {
  resp: `{"event":"error","msg":"Wrong URL or channel:books5,instType:SPOT,instId:ACA-USDC doesn't exist. Please use the correct URL, channel and parameters referring to API document.","code":"60018","connId":"9aab937c"}`
} 


[2025-01-11 16:43:46+02:00] [ Super bot ] [WS][okx]  {
  parsedResp: {
    event: 'error',
    msg: "Wrong URL or channel:books5,instType:SPOT,instId:ACA-USDT doesn't exist. Please use the correct URL, channel and parameters referring to API document.",
    code: '60018',
    connId: '9aab937c'
  }
} 


[2025-01-11 16:43:46+02:00] [ Super bot ] [WS][okx]  {
  resp: `{"event":"error","msg":"Wrong URL or channel:books5,instType:SPOT,instId:ACA-USDT doesn't exist. Please use the correct URL, channel and parameters referring to API document.","code":"60018","connId":"9aab937c"}`
} 


[2025-01-11 16:43:46+02:00] [ Super bot ] [WS][okx]  {
  minBot: 'minibot-USDT-USDC-1INCH',
  bookCond: false,
  bookFieldsCond: undefined
} 


[2025-01-11 16:43:47+02:00] [ Super bot ] [WS][okx]  {
  minBot: 'minibot-USDT-USDC-1INCH',
  bookCond: false,
  bookFieldsCond: undefined
} 


[2025-01-11 16:43:49+02:00] [ Super bot ] [WS][okx]  [5] [SUB] ADA,USDC { suId: 1736606617545, _suId: 1736606617545 } 


[2025-01-11 16:43:49+02:00] [ Super bot ] [WS][okx]  [5] [SUB] ADA,USDC ADA,USDT { suId: 1736606617545, _suId: 1736606617545 } 


 { channel: 'books5', state: 'OPEN' } 


[2025-01-11 16:43:49+02:00] [WS][okx]  Skipping books5...

 { channel: 'books5', state: 'OPEN' } 


 { channel: 'books5', state: 'OPEN' } 


[2025-01-11 16:43:49+02:00] [ Super bot ] [WS][okx]  {
  parsedResp: {
    event: 'subscribe',
    arg: { channel: 'books5', instId: 'ACE-USDC' },
    connId: '9aab937c'
  }
} 


[2025-01-11 16:43:49+02:00] [ Super bot ] [WS][okx]  {
  resp: '{"event":"subscribe","arg":{"channel":"books5","instId":"ACE-USDC"},"connId":"9aab937c"}'
} 


[2025-01-11 16:43:49+02:00] [ Super bot ] [WS][okx]  {
  parsedResp: {
    event: 'subscribe',
    arg: { channel: 'books5', instId: 'ACE-USDT' },
    connId: '9aab937c'
  }
} 


[2025-01-11 16:43:49+02:00] [ Super bot ] [WS][okx]  {
  resp: '{"event":"subscribe","arg":{"channel":"books5","instId":"ACE-USDT"},"connId":"9aab937c"}'
} 


[2025-01-11 16:43:49+02:00] [ Super bot ] [WS][okx]  {
  minBot: 'minibot-USDT-USDC-1INCH',
  bookCond: false,
  bookFieldsCond: undefined
} 


[2025-01-11 16:43:49+02:00] [ Super bot ] [WS][okx]  {
  minBot: 'minibot-USDT-USDC-1INCH',
  bookCond: false,
  bookFieldsCond: undefined
} 


[2025-01-11 16:43:51+02:00] [ Super bot ] [WS][okx]  {
  minBot: 'minibot-USDT-USDC-1INCH',
  bookCond: false,
  bookFieldsCond: undefined
} 


[2025-01-11 16:43:52+02:00] [ Super bot ] [WS][okx]  {
  minBot: 'minibot-USDT-USDC-1INCH',
  bookCond: true,
  bookFieldsCond: undefined
} 


[2025-01-11 16:43:52+02:00] [ Super bot ] [WS][okx]  {
  minBot: 'minibot-USDT-USDC-1INCH',
  bookCond: false,
  bookFieldsCond: undefined
} 


[2025-01-11 16:43:52+02:00] [ Super bot ] [WS][okx]  [6] [SUB] AERGO,USDC { suId: 1736606617545, _suId: 1736606617545 } 


[2025-01-11 16:43:52+02:00] [ Super bot ] [WS][okx]  [6] [SUB] AERGO,USDC AERGO,USDT { suId: 1736606617545, _suId: 1736606617545 } 


 { channel: 'books5', state: 'OPEN' } 


[2025-01-11 16:43:52+02:00] [WS][okx]  Skipping books5...

 { channel: 'books5', state: 'OPEN' } 


 { channel: 'books5', state: 'OPEN' } 


[2025-01-11 16:43:52+02:00] [ Super bot ] [WS][okx]  {
  parsedResp: {
    event: 'subscribe',
    arg: { channel: 'books5', instId: 'ADA-USDC' },
    connId: '9aab937c'
  }
} 


[2025-01-11 16:43:52+02:00] [ Super bot ] [WS][okx]  {
  resp: '{"event":"subscribe","arg":{"channel":"books5","instId":"ADA-USDC"},"connId":"9aab937c"}'
} 


[2025-01-11 16:43:52+02:00] [ Super bot ] [WS][okx]  {
  parsedResp: {
    event: 'subscribe',
    arg: { channel: 'books5', instId: 'ADA-USDT' },
    connId: '9aab937c'
  }
} 


[2025-01-11 16:43:52+02:00] [ Super bot ] [WS][okx]  {
  resp: '{"event":"subscribe","arg":{"channel":"books5","instId":"ADA-USDT"},"connId":"9aab937c"}'
} 


[2025-01-11 16:43:52+02:00] [ Super bot ] [WS][okx]  {
  minBot: 'minibot-USDT-USDC-1INCH',
  bookCond: false,
  bookFieldsCond: undefined
} 


[2025-01-11 16:43:52+02:00] [ Super bot ] [WS][okx]  {
  minBot: 'minibot-USDT-USDC-1INCH',
  bookCond: false,
  bookFieldsCond: undefined
} 


[2025-01-11 16:43:55+02:00] [ Super bot ] [WS][okx]  {
  minBot: 'minibot-USDT-USDC-1INCH',
  bookCond: true,
  bookFieldsCond: undefined
} 


[2025-01-11 16:43:55+02:00] [ Super bot ] [WS][okx]  [7] [SUB] AEVO,USDC { suId: 1736606617545, _suId: 1736606617545 } 


[2025-01-11 16:43:55+02:00] [ Super bot ] [WS][okx]  [7] [SUB] AEVO,USDC AEVO,USDT { suId: 1736606617545, _suId: 1736606617545 } 


 { channel: 'books5', state: 'OPEN' } 


[2025-01-11 16:43:55+02:00] [WS][okx]  Skipping books5...

 { channel: 'books5', state: 'OPEN' } 


 { channel: 'books5', state: 'OPEN' } 


[2025-01-11 16:43:55+02:00] [ Super bot ] [WS][okx]  {
  parsedResp: {
    event: 'error',
    msg: "Wrong URL or channel:books5,instType:SPOT,instId:AERGO-USDC doesn't exist. Please use the correct URL, channel and parameters referring to API document.",
    code: '60018',
    connId: '9aab937c'
  }
} 


[2025-01-11 16:43:55+02:00] [ Super bot ] [WS][okx]  {
  resp: `{"event":"error","msg":"Wrong URL or channel:books5,instType:SPOT,instId:AERGO-USDC doesn't exist. Please use the correct URL, channel and parameters referring to API document.","code":"60018","connId":"9aab937c"}`
} 


[2025-01-11 16:43:55+02:00] [ Super bot ] [WS][okx]  {
  parsedResp: {
    event: 'error',
    msg: "Wrong URL or channel:books5,instType:SPOT,instId:AERGO-USDT doesn't exist. Please use the correct URL, channel and parameters referring to API document.",
    code: '60018',
    connId: '9aab937c'
  }
} 


[2025-01-11 16:43:55+02:00] [ Super bot ] [WS][okx]  {
  resp: `{"event":"error","msg":"Wrong URL or channel:books5,instType:SPOT,instId:AERGO-USDT doesn't exist. Please use the correct URL, channel and parameters referring to API document.","code":"60018","connId":"9aab937c"}`
} 


[2025-01-11 16:43:56+02:00] [ Super bot ] [WS][okx]  {
  minBot: 'minibot-USDT-USDC-1INCH',
  bookCond: false,
  bookFieldsCond: undefined
} 


[2025-01-11 16:43:56+02:00] [ Super bot ] [WS][okx]  {
  minBot: 'minibot-USDT-USDC-1INCH',
  bookCond: false,
  bookFieldsCond: undefined
} 


[2025-01-11 16:43:57+02:00] [ Super bot ] [WS][okx]  {
  minBot: 'minibot-USDT-USDC-1INCH',
  bookCond: false,
  bookFieldsCond: undefined
} 


[2025-01-11 16:43:58+02:00] [ Super bot ] [WS][okx]  [8] [SUB] AGLD,USDC { suId: 1736606617545, _suId: 1736606617545 } 


[2025-01-11 16:43:58+02:00] [ Super bot ] [WS][okx]  [8] [SUB] AGLD,USDC AGLD,USDT { suId: 1736606617545, _suId: 1736606617545 } 


 { channel: 'books5', state: 'OPEN' } 


[2025-01-11 16:43:58+02:00] [WS][okx]  Skipping books5...

 { channel: 'books5', state: 'OPEN' } 


 { channel: 'books5', state: 'OPEN' } 


[2025-01-11 16:43:58+02:00] [ Super bot ] [WS][okx]  {
  parsedResp: {
    event: 'subscribe',
    arg: { channel: 'books5', instId: 'AEVO-USDC' },
    connId: '9aab937c'
  }
} 


[2025-01-11 16:43:58+02:00] [ Super bot ] [WS][okx]  {
  resp: '{"event":"subscribe","arg":{"channel":"books5","instId":"AEVO-USDC"},"connId":"9aab937c"}'
} 


[2025-01-11 16:43:58+02:00] [ Super bot ] [WS][okx]  {
  parsedResp: {
    event: 'subscribe',
    arg: { channel: 'books5', instId: 'AEVO-USDT' },
    connId: '9aab937c'
  }
} 


[2025-01-11 16:43:58+02:00] [ Super bot ] [WS][okx]  {
  resp: '{"event":"subscribe","arg":{"channel":"books5","instId":"AEVO-USDT"},"connId":"9aab937c"}'
} 


[2025-01-11 16:43:58+02:00] [ Super bot ] [WS][okx]  {
  minBot: 'minibot-USDT-USDC-1INCH',
  bookCond: false,
  bookFieldsCond: undefined
} 


[2025-01-11 16:43:58+02:00] [ Super bot ] [WS][okx]  {
  minBot: 'minibot-USDT-USDC-1INCH',
  bookCond: false,
  bookFieldsCond: undefined
} 


[2025-01-11 16:43:59+02:00] [ Super bot ] [WS][okx]  {
  minBot: 'minibot-USDT-USDC-1INCH',
  bookCond: false,
  bookFieldsCond: undefined
} 

{ min: 44, tasks: [] }

[2025-01-11 16:44:00+02:00] [ Super bot ] [WS][okx]  {
  minBot: 'minibot-USDT-USDC-1INCH',
  bookCond: false,
  bookFieldsCond: undefined
} 


[2025-01-11 16:44:00+02:00] [ Super bot ] [WS][okx]  {
  minBot: 'minibot-USDT-USDC-1INCH',
  bookCond: true,
  bookFieldsCond: undefined
} 


[2025-01-11 16:44:00+02:00] [ Super bot ] [WS][okx]  {
  minBot: 'minibot-USDT-USDC-1INCH',
  bookCond: true,
  bookFieldsCond: undefined
} 


[2025-01-11 16:44:00+02:00] [ Super bot ] [WS][okx]  {
  minBot: 'minibot-USDT-USDC-1INCH',
  bookCond: false,
  bookFieldsCond: undefined
} 


[2025-01-11 16:44:00+02:00] [ Super bot ] [WS][okx]  {
  minBot: 'minibot-USDT-USDC-1INCH',
  bookCond: false,
  bookFieldsCond: undefined
} 


[2025-01-11 16:44:00+02:00] [ Super bot ] [WS][okx]  {
  minBot: 'minibot-USDT-USDC-1INCH',
  bookCond: false,
  bookFieldsCond: undefined
} 


[2025-01-11 16:44:00+02:00] [ Super bot ] [WS][okx]  {
  minBot: 'minibot-USDT-USDC-1INCH',
  bookCond: false,
  bookFieldsCond: undefined
} 


[2025-01-11 16:44:00+02:00] [ Super bot ] [WS][okx]  {
  minBot: 'minibot-USDT-USDC-1INCH',
  bookCond: true,
  bookFieldsCond: undefined
} 


[2025-01-11 16:44:00+02:00] [ Super bot ] [WS][okx]  {
  minBot: 'minibot-USDT-USDC-1INCH',
  bookCond: true,
  bookFieldsCond: undefined
} 


[2025-01-11 16:44:00+02:00] [ Super bot ] [WS][okx]  {
  minBot: 'minibot-USDT-USDC-1INCH',
  bookCond: true,
  bookFieldsCond: undefined
} 


[2025-01-11 16:44:00+02:00] [ Super bot ] [WS][okx]  {
  minBot: 'minibot-USDT-USDC-1INCH',
  bookCond: true,
  bookFieldsCond: undefined
} 


[2025-01-11 16:44:01+02:00] [ Super bot ] [WS][okx]  {
  minBot: 'minibot-USDT-USDC-1INCH',
  bookCond: false,
  bookFieldsCond: undefined
} 


[2025-01-11 16:44:01+02:00] [ Super bot ] [WS][okx]  {
  minBot: 'minibot-USDT-USDC-1INCH',
  bookCond: false,
  bookFieldsCond: undefined
} 


[2025-01-11 16:44:01+02:00] [ Super bot ] [WS][okx]  [9] [SUB] ALCX,USDC { suId: 1736606617545, _suId: 1736606617545 } 


[2025-01-11 16:44:01+02:00] [ Super bot ] [WS][okx]  [9] [SUB] ALCX,USDC ALCX,USDT { suId: 1736606617545, _suId: 1736606617545 } 


 { channel: 'books5', state: 'OPEN' } 


[2025-01-11 16:44:01+02:00] [WS][okx]  Skipping books5...

 { channel: 'books5', state: 'OPEN' } 


 { channel: 'books5', state: 'OPEN' } 


[2025-01-11 16:44:01+02:00] [ Super bot ] [WS][okx]  {
  parsedResp: {
    event: 'error',
    msg: "Wrong URL or channel:books5,instType:SPOT,instId:AGLD-USDC doesn't exist. Please use the correct URL, channel and parameters referring to API document.",
    code: '60018',
    connId: '9aab937c'
  }
} 


[2025-01-11 16:44:01+02:00] [ Super bot ] [WS][okx]  {
  resp: `{"event":"error","msg":"Wrong URL or channel:books5,instType:SPOT,instId:AGLD-USDC doesn't exist. Please use the correct URL, channel and parameters referring to API document.","code":"60018","connId":"9aab937c"}`
} 


[2025-01-11 16:44:01+02:00] [ Super bot ] [WS][okx]  {
  parsedResp: {
    event: 'error',
    msg: "Wrong URL or channel:books5,instType:SPOT,instId:AGLD-USDT doesn't exist. Please use the correct URL, channel and parameters referring to API document.",
    code: '60018',
    connId: '9aab937c'
  }
} 


[2025-01-11 16:44:01+02:00] [ Super bot ] [WS][okx]  {
  resp: `{"event":"error","msg":"Wrong URL or channel:books5,instType:SPOT,instId:AGLD-USDT doesn't exist. Please use the correct URL, channel and parameters referring to API document.","code":"60018","connId":"9aab937c"}`
} 


[2025-01-11 16:44:01+02:00] [ Super bot ] [WS][okx]  {
  minBot: 'minibot-USDT-USDC-1INCH',
  bookCond: false,
  bookFieldsCond: undefined
} 


[2025-01-11 16:44:01+02:00] [ Super bot ] [WS][okx]  {
  minBot: 'minibot-USDT-USDC-1INCH',
  bookCond: false,
  bookFieldsCond: undefined
} 


[2025-01-11 16:44:02+02:00] [ Super bot ] [WS][okx]  {
  minBot: 'minibot-USDT-USDC-1INCH',
  bookCond: false,
  bookFieldsCond: undefined
} 


[2025-01-11 16:44:02+02:00] [ Super bot ] [WS][okx]  {
  minBot: 'minibot-USDT-USDC-1INCH',
  bookCond: false,
  bookFieldsCond: undefined
} 


[2025-01-11 16:44:02+02:00] [ Super bot ] [WS][okx]  {
  minBot: 'minibot-USDT-USDC-AAVE',
  bookCond: true,
  bookFieldsCond: { px: 286.64, amt: 195.458773, cnt: 1 }
} 


[2025-01-11 16:44:02+02:00] [ Super bot ] 
TickerHandler Tri { plat: 'okx', A: 'USDC,USDT', B: 'AAVE,USDC', C: 'AAVE,USDT' } 


[2025-01-11 16:44:02+02:00] [ Super bot ] [ 'USDC', 'USDT' ] [ 'AAVE', 'USDC' ] [ 'AAVE', 'USDT' ] 
 { pxA: 1.0002, pxB: 286.46, pxC: 286.52 } 
 { fpxA: 1.0001, fpxB: 286.37, fpxC: 286.64 } 


[2025-01-11 16:44:02+02:00] [ Super bot ] { min_perc: 5, _perc: '0%', _fperc: '-0.08%', flipped: false } 


[2025-01-11 16:44:02+02:00] [ Super bot ] [WS][okx]  Hold... 


[2025-01-11 16:44:02+02:00] [ Super bot ] [WS][okx]  {
  minBot: 'minibot-USDT-USDC-1INCH',
  bookCond: false,
  bookFieldsCond: undefined
} 


[2025-01-11 16:44:02+02:00] [ Super bot ] [WS][okx]  {
  minBot: 'minibot-USDT-USDC-1INCH',
  bookCond: false,
  bookFieldsCond: undefined
} 


[2025-01-11 16:44:04+02:00] [ Super bot ] [WS][okx]  {
  minBot: 'minibot-USDT-USDC-1INCH',
  bookCond: false,
  bookFieldsCond: undefined
} 


[2025-01-11 16:44:04+02:00] [ Super bot ] [WS][okx]  {
  minBot: 'minibot-USDT-USDC-1INCH',
  bookCond: false,
  bookFieldsCond: undefined
} 


[2025-01-11 16:44:04+02:00] [ Super bot ] [WS][okx]  [10] [SUB] ALGO,USDC { suId: 1736606617545, _suId: 1736606617545 } 


[2025-01-11 16:44:04+02:00] [ Super bot ] [WS][okx]  [10] [SUB] ALGO,USDC ALGO,USDT { suId: 1736606617545, _suId: 1736606617545 } 


 { channel: 'books5', state: 'OPEN' } 


[2025-01-11 16:44:04+02:00] [WS][okx]  Skipping books5...

 { channel: 'books5', state: 'OPEN' } 


 { channel: 'books5', state: 'OPEN' } 


[2025-01-11 16:44:04+02:00] [ Super bot ] [WS][okx]  {
  parsedResp: {
    event: 'error',
    msg: "Wrong URL or channel:books5,instType:SPOT,instId:ALCX-USDC doesn't exist. Please use the correct URL, channel and parameters referring to API document.",
    code: '60018',
    connId: '9aab937c'
  }
} 


[2025-01-11 16:44:04+02:00] [ Super bot ] [WS][okx]  {
  resp: `{"event":"error","msg":"Wrong URL or channel:books5,instType:SPOT,instId:ALCX-USDC doesn't exist. Please use the correct URL, channel and parameters referring to API document.","code":"60018","connId":"9aab937c"}`
} 


[2025-01-11 16:44:04+02:00] [ Super bot ] [WS][okx]  {
  parsedResp: {
    event: 'error',
    msg: "Wrong URL or channel:books5,instType:SPOT,instId:ALCX-USDT doesn't exist. Please use the correct URL, channel and parameters referring to API document.",
    code: '60018',
    connId: '9aab937c'
  }
} 


[2025-01-11 16:44:04+02:00] [ Super bot ] [WS][okx]  {
  resp: `{"event":"error","msg":"Wrong URL or channel:books5,instType:SPOT,instId:ALCX-USDT doesn't exist. Please use the correct URL, channel and parameters referring to API document.","code":"60018","connId":"9aab937c"}`
} 


[2025-01-11 16:44:05+02:00] [ Super bot ] [WS][okx]  {
  minBot: 'minibot-USDT-USDC-1INCH',
  bookCond: true,
  bookFieldsCond: undefined
} 


[2025-01-11 16:44:05+02:00] [ Super bot ] [WS][okx]  {
  minBot: 'minibot-USDT-USDC-1INCH',
  bookCond: true,
  bookFieldsCond: undefined
} 


[2025-01-11 16:44:06+02:00] [ Super bot ] [WS][okx]  {
  minBot: 'minibot-USDT-USDC-1INCH',
  bookCond: false,
  bookFieldsCond: undefined
} 


[2025-01-11 16:44:06+02:00] [ Super bot ] [WS][okx]  {
  minBot: 'minibot-USDT-USDC-1INCH',
  bookCond: false,
  bookFieldsCond: undefined
} 


[2025-01-11 16:44:06+02:00] [ Super bot ] [WS][okx]  {
  minBot: 'minibot-USDT-USDC-1INCH',
  bookCond: false,
  bookFieldsCond: undefined
} 


[2025-01-11 16:44:06+02:00] [ Super bot ] [WS][okx]  {
  minBot: 'minibot-USDT-USDC-1INCH',
  bookCond: false,
  bookFieldsCond: undefined
} 


[2025-01-11 16:44:07+02:00] [ Super bot ] [WS][okx]  {
  minBot: 'minibot-USDT-USDC-1INCH',
  bookCond: false,
  bookFieldsCond: undefined
} 


[2025-01-11 16:44:07+02:00] [ Super bot ] [WS][okx]  {
  minBot: 'minibot-USDT-USDC-1INCH',
  bookCond: false,
  bookFieldsCond: undefined
} 


[2025-01-11 16:44:07+02:00] [ Super bot ] [WS][okx]  Go on! 

^C
tonni@tonni-OptiPlex-7010:/media/tonni/win/src/Mint/Documents/RF/Web/turbo-wp/turbo-two$ 
