INFO 2025-02-22 22:37:11,345 Auth info was exported to ./.tmp/auth_info.json api/debug/debug.cpp:17 tonni@unknown-host
ERROR 2025-02-22 22:37:25,405 NE_RS_UNBLDRE: Unable to load application resource file /resources/js/neutralino.js api/debug/debug.cpp:20 tonni@unknown-host
ERROR 2025-02-22 22:42:18,926 NE_RS_UNBLDRE: Unable to load application resource file /resources/js/neutralino.js api/debug/debug.cpp:20 tonni@unknown-host
INFO 2025-02-22 22:42:53,986 Auth info was exported to ./.tmp/auth_info.json api/debug/debug.cpp:17 tonni@unknown-host
ERROR 2025-02-22 22:42:56,236 NE_RS_UNBLDRE: Unable to load application resource file /resources/js/neutralino.js api/debug/debug.cpp:20 tonni@unknown-host
INFO 2025-02-22 22:48:12,392 Auth info was exported to ./.tmp/auth_info.json api/debug/debug.cpp:17 tonni@unknown-host
ERROR 2025-02-22 22:48:14,269 NE_RS_UNBLDRE: Unable to load application resource file /resources/js/neutralino.js api/debug/debug.cpp:20 tonni@unknown-host
INFO 2025-02-22 22:57:10,882 Auth info was exported to ./.tmp/auth_info.json api/debug/debug.cpp:17 tonni@unknown-host
INFO 2025-02-23 04:31:40,176 Auth info was exported to ./.tmp/auth_info.json api/debug/debug.cpp:17 tonni@unknown-host
INFO 2025-02-23 04:36:24,181 Auth info was exported to ./.tmp/auth_info.json api/debug/debug.cpp:17 tonni@unknown-host
INFO 2025-02-23 08:49:38,425 Auth info was exported to ./.tmp/auth_info.json api/debug/debug.cpp:17 tonni@unknown-host
INFO 2025-02-23 08:50:37,284 Auth info was exported to ./.tmp/auth_info.json api/debug/debug.cpp:17 tonni@unknown-host
INFO 2025-02-23 09:01:53,961 Auth info was exported to ./.tmp/auth_info.json api/debug/debug.cpp:17 tonni@unknown-host
INFO 2025-02-23 09:36:40,895 Auth info was exported to ./.tmp/auth_info.json api/debug/debug.cpp:17 tonni@unknown-host
INFO 2025-02-23 09:38:50,169 Auth info was exported to ./.tmp/auth_info.json api/debug/debug.cpp:17 tonni@unknown-host
INFO 2025-02-23 09:41:23,204 Auth info was exported to ./.tmp/auth_info.json api/debug/debug.cpp:17 tonni@unknown-host
INFO 2025-02-23 09:58:18,409 Auth info was exported to ./.tmp/auth_info.json api/debug/debug.cpp:17 tonni@unknown-host
INFO 2025-02-23 10:04:55,656 Auth info was exported to ./.tmp/auth_info.json api/debug/debug.cpp:17 tonni@unknown-host
INFO 2025-02-23 10:06:02,058 Auth info was exported to ./.tmp/auth_info.json api/debug/debug.cpp:17 tonni@unknown-host
INFO 2025-02-23 10:07:24,403 Auth info was exported to ./.tmp/auth_info.json api/debug/debug.cpp:17 tonni@unknown-host
INFO 2025-02-23 10:09:03,379 Auth info was exported to ./.tmp/auth_info.json api/debug/debug.cpp:17 tonni@unknown-host
INFO 2025-02-23 10:14:11,780 Auth info was exported to ./.tmp/auth_info.json api/debug/debug.cpp:17 tonni@unknown-host
INFO 2025-02-23 10:18:49,038 Auth info was exported to ./.tmp/auth_info.json api/debug/debug.cpp:17 tonni@unknown-host
INFO 2025-02-23 10:26:30,463 Auth info was exported to ./.tmp/auth_info.json api/debug/debug.cpp:17 tonni@unknown-host
INFO 2025-02-23 10:27:14,884 Auth info was exported to ./.tmp/auth_info.json api/debug/debug.cpp:17 tonni@unknown-host
INFO 2025-02-23 10:27:55,058 Auth info was exported to ./.tmp/auth_info.json api/debug/debug.cpp:17 tonni@unknown-host
INFO 2025-02-23 10:30:34,001 Auth info was exported to ./.tmp/auth_info.json api/debug/debug.cpp:17 tonni@unknown-host
INFO 2025-02-23 10:35:11,311 Auth info was exported to ./.tmp/auth_info.json api/debug/debug.cpp:17 tonni@unknown-host
INFO 2025-02-23 10:37:55,123 Auth info was exported to ./.tmp/auth_info.json api/debug/debug.cpp:17 tonni@unknown-host
INFO 2025-02-23 10:39:28,593 Auth info was exported to ./.tmp/auth_info.json api/debug/debug.cpp:17 tonni@unknown-host
INFO 2025-02-23 10:40:36,776 Auth info was exported to ./.tmp/auth_info.json api/debug/debug.cpp:17 tonni@unknown-host
INFO 2025-02-23 10:40:53,851 Auth info was exported to ./.tmp/auth_info.json api/debug/debug.cpp:17 tonni@unknown-host
INFO 2025-02-23 10:41:15,655 Auth info was exported to ./.tmp/auth_info.json api/debug/debug.cpp:17 tonni@unknown-host
INFO 2025-02-23 10:45:01,589 Auth info was exported to ./.tmp/auth_info.json api/debug/debug.cpp:17 tonni@unknown-host
INFO 2025-02-23 10:47:14,721 Auth info was exported to ./.tmp/auth_info.json api/debug/debug.cpp:17 tonni@unknown-host
INFO 2025-02-23 10:49:07,942 Auth info was exported to ./.tmp/auth_info.json api/debug/debug.cpp:17 tonni@unknown-host
INFO 2025-02-23 10:50:45,869 Auth info was exported to ./.tmp/auth_info.json api/debug/debug.cpp:17 tonni@unknown-host
INFO 2025-02-23 11:10:56,887 Auth info was exported to ./.tmp/auth_info.json api/debug/debug.cpp:17 tonni@unknown-host
INFO 2025-02-23 11:22:03,961 Auth info was exported to ./.tmp/auth_info.json api/debug/debug.cpp:17 tonni@unknown-host
INFO 2025-02-23 11:24:11,345 Auth info was exported to ./.tmp/auth_info.json api/debug/debug.cpp:17 tonni@unknown-host
INFO 2025-02-23 11:25:28,581 Auth info was exported to ./.tmp/auth_info.json api/debug/debug.cpp:17 tonni@unknown-host
INFO 2025-02-23 11:27:00,986 Auth info was exported to ./.tmp/auth_info.json api/debug/debug.cpp:17 tonni@unknown-host
INFO 2025-02-23 19:26:25,593 Auth info was exported to ./.tmp/auth_info.json api/debug/debug.cpp:17 tonni@unknown-host
INFO 2025-02-23 19:28:01,642 Auth info was exported to ./.tmp/auth_info.json api/debug/debug.cpp:17 tonni@unknown-host
INFO 2025-02-23 19:32:21,984 Auth info was exported to ./.tmp/auth_info.json api/debug/debug.cpp:17 tonni@unknown-host
INFO 2025-02-23 19:59:57,480 Auth info was exported to ./.tmp/auth_info.json api/debug/debug.cpp:17 tonni@unknown-host
ERROR 2025-02-23 20:01:29,432 NE_RS_UNBLDRE: Unable to load application resource file /src-react/build/index.html api/debug/debug.cpp:20 tonni@unknown-host
ERROR 2025-02-23 20:01:39,018 NE_RS_UNBLDRE: Unable to load application resource file /src-react/build/videos/index.html api/debug/debug.cpp:20 tonni@unknown-host
ERROR 2025-02-23 20:01:44,433 NE_RS_UNBLDRE: Unable to load application resource file /src-react/build/videos/neu.txt api/debug/debug.cpp:20 tonni@unknown-host
ERROR 2025-02-23 20:02:11,690 NE_RS_UNBLDRE: Unable to load application resource file /src-react/build/videos/neu.txt api/debug/debug.cpp:20 tonni@unknown-host
ERROR 2025-02-23 20:03:07,234 NE_RS_UNBLDRE: Unable to load application resource file /src-react/build/videos/neu.txt api/debug/debug.cpp:20 tonni@unknown-host
INFO 2025-02-23 20:08:54,749 Auth info was exported to ./.tmp/auth_info.json api/debug/debug.cpp:17 tonni@unknown-host
INFO 2025-02-23 20:16:51,582 Auth info was exported to ./.tmp/auth_info.json api/debug/debug.cpp:17 tonni@unknown-host
INFO 2025-02-24 01:23:20,274 Auth info was exported to ./.tmp/auth_info.json api/debug/debug.cpp:17 tonni@unknown-host
INFO 2025-02-24 10:07:52,306 Auth info was exported to ./.tmp/auth_info.json api/debug/debug.cpp:17 tonni@unknown-host
INFO 2025-02-24 16:51:50,748 Auth info was exported to ./.tmp/auth_info.json api/debug/debug.cpp:17 tonni@unknown-host
INFO 2025-02-24 17:01:51,516 Auth info was exported to ./.tmp/auth_info.json api/debug/debug.cpp:17 tonni@unknown-host
INFO 2025-02-24 17:51:13,990 Auth info was exported to ./.tmp/auth_info.json api/debug/debug.cpp:17 tonni@unknown-host
INFO 2025-02-24 18:44:07,933 Auth info was exported to ./.tmp/auth_info.json api/debug/debug.cpp:17 tonni@unknown-host
INFO 2025-02-24 18:56:25,583 Auth info was exported to ./.tmp/auth_info.json api/debug/debug.cpp:17 tonni@unknown-host
INFO 2025-02-24 19:03:31,409 Auth info was exported to ./.tmp/auth_info.json api/debug/debug.cpp:17 tonni@unknown-host
INFO 2025-02-24 19:28:42,983 Auth info was exported to ./.tmp/auth_info.json api/debug/debug.cpp:17 tonni@unknown-host
INFO 2025-02-24 20:14:52,941 Auth info was exported to ./.tmp/auth_info.json api/debug/debug.cpp:17 tonni@unknown-host
INFO 2025-02-25 00:23:57,357 Auth info was exported to ./.tmp/auth_info.json api/debug/debug.cpp:17 tonni@unknown-host
